Arguments: 
  C:\Program Files\nodejs\node.exe C:\Program Files\vtex\client\node_modules\yarn\bin\yarn.js --non-interactive --ignore-engines

PATH: 
  C:\Users\Victor Cesár\bin;C:\Program Files\Git\mingw64\bin;C:\Program Files\Git\usr\local\bin;C:\Program Files\Git\usr\bin;C:\Program Files\Git\usr\bin;C:\Program Files\Git\mingw64\bin;C:\Program Files\Git\usr\bin;C:\Users\Victor Cesár\bin;C:\Program Files (x86)\Intel\iCLS Client;C:\Program Files\Intel\iCLS Client;C:\Python310\Scripts;C:\Python310;C:\WINDOWS\system32;C:\WINDOWS;C:\WINDOWS\System32\Wbem;C:\WINDOWS\System32\WindowsPowerShell\v1.0;C:\WINDOWS\System32\OpenSSH;C:\Program Files\Git\cmd;C:\xampp\php;C:\ProgramData\ComposerSetup\bin;C:\ProgramData\chocolatey\bin;C:\Program Files\nodejs;C:\Program Files\dotnet;C:\Program Files (x86)\Intel\Intel(R) Management Engine Components\DAL;C:\Program Files\Intel\Intel(R) Management Engine Components\DAL;C:\Program Files (x86)\Intel\Intel(R) Management Engine Components\IPT;C:\Program Files\Intel\Intel(R) Management Engine Components\IPT;C:\Program Files\Docker\Docker\resources\bin;C:\ProgramData\DockerDesktop\version-bin;C:\Users\Victor Cesár\AppData\Local\Microsoft\WindowsApps;C:\Users\Victor Cesár\AppData\Roaming\Composer\vendor\bin;C:\Users\Victor Cesár\AppData\Roaming\npm;C:\Program Files\vtex\bin;C:\Users\Victor Cesár\AppData\Local\Programs\Microsoft VS Code\bin;C:\Program Files\Git\usr\bin\vendor_perl;C:\Program Files\Git\usr\bin\core_perl

Yarn version: 
  1.22.10

Node version: 
  16.13.2

Platform: 
  win32 x64

Trace: 
  SyntaxError: E:\Downloads\hiring-coders-fase3-dreamscape-grupo2-walletOnScreenComponent\frontend\point-counter\react\package.json: Unexpected token < in JSON at position 112
      at JSON.parse (<anonymous>)
      at C:\Program Files\vtex\client\node_modules\yarn\lib\cli.js:1625:59
      at Generator.next (<anonymous>)
      at step (C:\Program Files\vtex\client\node_modules\yarn\lib\cli.js:310:30)
      at C:\Program Files\vtex\client\node_modules\yarn\lib\cli.js:321:13

npm manifest: 
  {
    "scripts": {
      "test": "vtex-test-tools test"
    },
    "dependencies": {
      "@vtex/css-handles": "^1.0.0",
      "@vtex/styleguide": "^9.146.1",
      "axios": "^0.27.2",
      "classnames": "^2.2.6",
      "ramda": "^0.26.1",
      "react": "^16.12.0",
      "react-apollo": "^3.1.3",
      "react-dom": "^16.12.0",
      "react-intl": "^3.12.0"
    },
    "devDependencies": {
      "@apollo/react-testing": "^3.1.3",
      "@types/classnames": "^2.2.7",
      "@types/jest": "^24.0.18",
      "@types/node": "^12.7.5",
      "@types/prop-types": "^15.7.0",
      "@types/ramda": "^0.26.5",
      "@types/react": "^16.9.31",
      "@vtex/test-tools": "^3.3.2",
      "@vtex/tsconfig": "^0.4.4",
      "apollo-cache-inmemory": "^1.6.5",
      "apollo-client": "^2.5.1",
      "graphql": "^14.6.0",
      "typescript": "3.9.7",
    }
  }

yarn manifest: 
  No manifest

Lockfile: 
  No lockfile
